<?xml version="1.0" encoding="UTF-8"?>
<!-- Generated by org.testng.reporters.JUnitReportReporter -->
<testsuite skipped="2" hostname="Balaji-PC" name="com.roster.TestCases.LoginTest" tests="3" failures="0" timestamp="14 Jan 2020 15:57:54 GMT" time="0.003" errors="1">
  <testcase name="loginPageTitleTest" time="0.002" classname="com.roster.TestCases.LoginTest">
    <skipped/>
  </testcase> <!-- loginPageTitleTest -->
  <testcase name="loginPageTest" time="0.001" classname="com.roster.TestCases.LoginTest">
    <skipped/>
  </testcase> <!-- loginPageTest -->
  <testcase name="setup" time="0.000" classname="com.roster.TestCases.LoginTest">
    <error type="org.openqa.selenium.WebDriverException" message="unknown error: cannot find Chrome binary
Build info: version: &#039;3.141.59&#039;, revision: &#039;e82be7d358&#039;, time: &#039;2018-11-14T08:17:03&#039;
System info: host: &#039;BALAJI-PC&#039;, ip: &#039;106.51.168.71&#039;, os.name: &#039;Windows 7&#039;, os.arch: &#039;amd64&#039;, os.version: &#039;6.1&#039;, java.version: &#039;1.8.0_231&#039;
Driver info: driver.version: ChromeDriver
remote stacktrace: Backtrace:
	Ordinal0 [0x01379F93+1548179]
	Ordinal0 [0x012FDC51+1039441]
	Ordinal0 [0x0127E495+517269]
	Ordinal0 [0x0120C0F1+49393]
	Ordinal0 [0x0122B797+178071]
	Ordinal0 [0x0122B59D+177565]
	Ordinal0 [0x012295FB+169467]
	Ordinal0 [0x0121160A+71178]
	Ordinal0 [0x01212690+75408]
	Ordinal0 [0x01212629+75305]
	Ordinal0 [0x01317047+1142855]
	GetHandleVerifier [0x01412996+507766]
	GetHandleVerifier [0x014126B4+507028]
	GetHandleVerifier [0x01419D97+537463]
	GetHandleVerifier [0x01413252+510002]
	Ordinal0 [0x0130F12C+1110316]
	Ordinal0 [0x0131921B+1151515]
	Ordinal0 [0x01319383+1151875]
	Ordinal0 [0x01318285+1147525]
	BaseThreadInitThunk [0x76BF344D+18]
	RtlInitializeExceptionChain [0x77AF9802+99]
	RtlInitializeExceptionChain [0x77AF97D5+54]
">
      <![CDATA[org.openqa.selenium.WebDriverException: unknown error: cannot find Chrome binary
Build info: version: '3.141.59', revision: 'e82be7d358', time: '2018-11-14T08:17:03'
System info: host: 'BALAJI-PC', ip: '106.51.168.71', os.name: 'Windows 7', os.arch: 'amd64', os.version: '6.1', java.version: '1.8.0_231'
Driver info: driver.version: ChromeDriver
remote stacktrace: Backtrace:
	Ordinal0 [0x01379F93+1548179]
	Ordinal0 [0x012FDC51+1039441]
	Ordinal0 [0x0127E495+517269]
	Ordinal0 [0x0120C0F1+49393]
	Ordinal0 [0x0122B797+178071]
	Ordinal0 [0x0122B59D+177565]
	Ordinal0 [0x012295FB+169467]
	Ordinal0 [0x0121160A+71178]
	Ordinal0 [0x01212690+75408]
	Ordinal0 [0x01212629+75305]
	Ordinal0 [0x01317047+1142855]
	GetHandleVerifier [0x01412996+507766]
	GetHandleVerifier [0x014126B4+507028]
	GetHandleVerifier [0x01419D97+537463]
	GetHandleVerifier [0x01413252+510002]
	Ordinal0 [0x0130F12C+1110316]
	Ordinal0 [0x0131921B+1151515]
	Ordinal0 [0x01319383+1151875]
	Ordinal0 [0x01318285+1147525]
	BaseThreadInitThunk [0x76BF344D+18]
	RtlInitializeExceptionChain [0x77AF9802+99]
	RtlInitializeExceptionChain [0x77AF97D5+54]

	at sun.reflect.NativeConstructorAccessorImpl.newInstance0(Native Method)
	at sun.reflect.NativeConstructorAccessorImpl.newInstance(NativeConstructorAccessorImpl.java:62)
	at sun.reflect.DelegatingConstructorAccessorImpl.newInstance(DelegatingConstructorAccessorImpl.java:45)
	at java.lang.reflect.Constructor.newInstance(Constructor.java:423)
	at org.openqa.selenium.remote.W3CHandshakeResponse.lambda$errorHandler$0(W3CHandshakeResponse.java:62)
	at org.openqa.selenium.remote.HandshakeResponse.lambda$getResponseFunction$0(HandshakeResponse.java:30)
	at org.openqa.selenium.remote.ProtocolHandshake.lambda$createSession$0(ProtocolHandshake.java:126)
	at java.util.stream.ReferencePipeline$3$1.accept(ReferencePipeline.java:193)
	at java.util.Spliterators$ArraySpliterator.tryAdvance(Spliterators.java:958)
	at java.util.stream.ReferencePipeline.forEachWithCancel(ReferencePipeline.java:126)
	at java.util.stream.AbstractPipeline.copyIntoWithCancel(AbstractPipeline.java:499)
	at java.util.stream.AbstractPipeline.copyInto(AbstractPipeline.java:486)
	at java.util.stream.AbstractPipeline.wrapAndCopyInto(AbstractPipeline.java:472)
	at java.util.stream.FindOps$FindOp.evaluateSequential(FindOps.java:152)
	at java.util.stream.AbstractPipeline.evaluate(AbstractPipeline.java:234)
	at java.util.stream.ReferencePipeline.findFirst(ReferencePipeline.java:464)
	at org.openqa.selenium.remote.ProtocolHandshake.createSession(ProtocolHandshake.java:128)
	at org.openqa.selenium.remote.ProtocolHandshake.createSession(ProtocolHandshake.java:74)
	at org.openqa.selenium.remote.HttpCommandExecutor.execute(HttpCommandExecutor.java:136)
	at org.openqa.selenium.remote.service.DriverCommandExecutor.execute(DriverCommandExecutor.java:83)
	at org.openqa.selenium.remote.RemoteWebDriver.execute(RemoteWebDriver.java:552)
	at org.openqa.selenium.remote.RemoteWebDriver.startSession(RemoteWebDriver.java:213)
	at org.openqa.selenium.remote.RemoteWebDriver.<init>(RemoteWebDriver.java:131)
	at org.openqa.selenium.chrome.ChromeDriver.<init>(ChromeDriver.java:181)
	at org.openqa.selenium.chrome.ChromeDriver.<init>(ChromeDriver.java:168)
	at org.openqa.selenium.chrome.ChromeDriver.<init>(ChromeDriver.java:123)
	at com.roster.testbase.Base.intalize(Base.java:57)
	at com.roster.TestCases.LoginTest.setup(LoginTest.java:27)
	at sun.reflect.NativeMethodAccessorImpl.invoke0(Native Method)
	at sun.reflect.NativeMethodAccessorImpl.invoke(NativeMethodAccessorImpl.java:62)
	at sun.reflect.DelegatingMethodAccessorImpl.invoke(DelegatingMethodAccessorImpl.java:43)
	at java.lang.reflect.Method.invoke(Method.java:498)
	at org.testng.internal.MethodInvocationHelper.invokeMethod(MethodInvocationHelper.java:100)
	at org.testng.internal.Invoker.invokeConfigurationMethod(Invoker.java:515)
	at org.testng.internal.Invoker.invokeConfigurations(Invoker.java:216)
	at org.testng.internal.Invoker.invokeMethod(Invoker.java:590)
	at org.testng.internal.Invoker.invokeTestMethod(Invoker.java:811)
	at org.testng.internal.Invoker.invokeTestMethods(Invoker.java:1137)
	at org.testng.internal.TestMethodWorker.invokeTestMethods(TestMethodWorker.java:129)
	at org.testng.internal.TestMethodWorker.run(TestMethodWorker.java:112)
	at org.testng.TestRunner.privateRun(TestRunner.java:753)
	at org.testng.TestRunner.run(TestRunner.java:607)
	at org.testng.SuiteRunner.runTest(SuiteRunner.java:368)
	at org.testng.SuiteRunner.runSequentially(SuiteRunner.java:363)
	at org.testng.SuiteRunner.privateRun(SuiteRunner.java:321)
	at org.testng.SuiteRunner.run(SuiteRunner.java:270)
	at org.testng.SuiteRunnerWorker.runSuite(SuiteRunnerWorker.java:52)
	at org.testng.SuiteRunnerWorker.run(SuiteRunnerWorker.java:86)
	at org.testng.TestNG.runSuitesSequentially(TestNG.java:1284)
	at org.testng.TestNG.runSuitesLocally(TestNG.java:1209)
	at org.testng.TestNG.runSuites(TestNG.java:1124)
	at org.testng.TestNG.run(TestNG.java:1096)
	at org.testng.remote.AbstractRemoteTestNG.run(AbstractRemoteTestNG.java:132)
	at org.testng.remote.RemoteTestNG.initAndRun(RemoteTestNG.java:236)
	at org.testng.remote.RemoteTestNG.main(RemoteTestNG.java:81)
]]>
    </error>
  </testcase> <!-- setup -->
</testsuite> <!-- com.roster.TestCases.LoginTest -->
